-------------------------------------------------------------------------------
Test set: Test.LoginTest
-------------------------------------------------------------------------------
Tests run: 13, Failures: 1, Errors: 0, Skipped: 0, Time elapsed: 6.002 sec <<< FAILURE!
testRongTaiKhoanVaMatKhau(Test.LoginTest)  Time elapsed: 0.065 sec  <<< FAILURE!
java.lang.AssertionError: expected [không ?? tr?ng tên ??ng nh?p và không ?? tr?ng m?t kh?u] but found [tài kho?n không t?n t?i và ]
	at org.testng.Assert.fail(Assert.java:94)
	at org.testng.Assert.failNotEquals(Assert.java:494)
	at org.testng.Assert.assertEquals(Assert.java:123)
	at org.testng.Assert.assertEquals(Assert.java:176)
	at org.testng.Assert.assertEquals(Assert.java:186)
	at Test.LoginTest.testRongTaiKhoanVaMatKhau(LoginTest.java:135)

